/----------------------------------------------------------\\
|      _   __ ______ __ __  ______  ____    ____    ____   |
|     / | / // ____// //_/ / ____/ / __ \\ / __ \\ / __ \\ |
|    /  |/ // __/  / ,<   /___ \\  / / / // / / // / / /   |
|   / /|  // /___ / /| | ____/ / / /_/ // /_/ // /_/ /     |
|  /_/ |_//_____//_/ |_|/_____/  \\____/ \\____/ \\____/   |
|                                                          |
|----------------------------------------------------------|
|                                                          |
| NEK5000:  Open Source Spectral Element Solver            |
| COPYRIGHT (c) 2008-2010 UCHICAGO ARGONNE, LLC            |
| Version:  1.0rc1 / SVN  r1088                            |
| Web:      http://nek5000.mcs.anl.gov                     |
|                                                          |
\\----------------------------------------------------------/
                                                              

 Number of processors:           2
 REAL    wdsize      :           8
 INTEGER wdsize      :           4


  Beginning session:
  /scratch/nof/phd/simulations/timing/cavity/run/cavity.rea                     

 
 timer accuracy:   9.5367432E-08 sec

 read .rea file
 nelgt/nelgv/lelt:          36          36        1000
 lx1  /lx2  /lx3 :           8           6           6

 mapping elements to processors
           1          18          18          36          36  NELV
           0          18          18          36          36  NELV
 RANK     0 IEG      19      20      21      22      23      24      25      26
                     27      28      29      30      31      32      33      34
                     35      36
 element load imbalance:            0          18          18
 done :: mapping elements to processors
  
           0  objects found
 done :: read .rea file   0.40250E-02 sec

 setup mesh topology
   Right-handed check complete for      36 elements. OK.
   setvert2d:   8         553        1849         553         553
 call usrsetvert
 done :: usrsetvert

gs_setup: 43 unique labels shared
   pairwise times (avg, min, max): 1.00136e-06 1.00136e-06 1.00136e-06
   crystal router                : 9.05991e-07 9.05991e-07 9.05991e-07
   all reduce                    : 1.40667e-06 1.40667e-06 1.40667e-06
   used all_to_all method: crystal router
   handle bytes (avg, min, max): 8100 8100 8100
   buffer bytes (avg, min, max): 1376 1376 1376
   setupds time 8.5878E-04 seconds   0  8         553          36
           4  max multiplicity
 done :: setup mesh topology
  
 call usrdat
 done :: usrdat

 generate geometry data
 vol_t,vol_v:   1.0000000000000013        1.0000000000000013     
 done :: generate geometry data
  
 call usrdat2
 done :: usrdat2

 regenerate geometry data           1
 vol_t,vol_v:  0.99999999999999956       0.99999999999999956     
 done :: regenerate geometry data           1
  
 verify mesh topology
   0.0000000000000000        1.0000000000000004       Xrange
   0.0000000000000000        1.0000000000000004       Yrange
   0.0000000000000000        0.0000000000000000       Zrange
 done :: verify mesh topology
  
 128   Parameters from file:/scratch/nof/phd/simulations/timing/cavity/run/cavity.rea
   1       1.00000E+00         P001  DENSITY     density for the case of constant properties (see parameter P030)
   2      -1.00000E+02         P002  VISCOS      dynamic viscosity (1/Re if the reference values are used to define the Re number) if <0, i
  11       1.00000E+02         P011  NSTEP       number of time steps
  12       1.00000E-01         P012  DT          upper bound on time step dt   (if <0, then dt=|p012|, always)
  15       1.00000E+02         P015  IOSTEP      dump frequency, number of time steps between dumps
  21       1.00000E-06         P021  DIVERGENCE  tolerance for the pressure solver
  22       1.00000E-08         P022  HELMHOLTZ   tolerance for the velocity solver
  26       5.00000E-01         P026  COURANT     maximum Courant number (number of RK4 substeps if OIFS is used)
  27       2.00000E+00         P027  TORDER      temporal discretization order (2 or 3)
  28       2.00000E+00         P028  NABMSH      order of temporal integration for mesh velocity.
  66       0.00000E+00         P066              output format: (only postx uses .rea value; other nondefault should be set in usrdat)
  67       0.00000E+00         P067              Read format:   (modes as for P066)
  99       0.00000E+00         P099              dealiasing:   <0:  disable
  
 IFTRAN   = T
 IFFLOW   = T
 IFHEAT   = F
 IFSPLIT  = F
 IFLOMACH = F
 IFUSERVP = F
 IFUSERMV = F
 IFSTRS   = F
 IFCHAR   = F
 IFCYCLIC = F
 IFAXIS   = F
 IFMVBD   = F
 IFMELT   = F
 IFMODEL  = F
 IFKEPS   = F
 IFMOAB   = F
 IFNEKNEK = F
 IFSYNC   = T
   
 IFVCOR   = T
 IFINTQ   = F
 IFCWUZ   = F
 IFSWALL  = F
 IFGEOM   = F
 IFSURT   = F
 IFWCNO   = F
 IFCMT    = F
 IFVISC   = F
 IFFLTR   = F
   
 IFTMSH for field           1    =  F
 IFADVC for field           1    =  T
 IFNONL for field           1    =  F
   
 Dealiasing enabled, lxd=          12
  
 Estimated eigenvalues
 EIGAA =    9.8696044010893491     
 EIGGA =    93997.114576783672     
 EIGAE =    9.8696044010893491     
 EIGAS =   0.12500000000000000     
 EIGGE =    93997.114576783672     
 EIGGS =    2.0000000000000000     
  
 verify mesh topology
   0.0000000000000000        1.0000000000000004       Xrange
   0.0000000000000000        1.0000000000000004       Yrange
   0.0000000000000000        0.0000000000000000       Zrange
 done :: verify mesh topology
  
  E-solver strategy:  1 itr
 mg_nx:           1           3           7
 mg_ny:           1           3           7
 mg_nz:           0           0           0
 call usrsetvert
 done :: usrsetvert

gs_setup: 7 unique labels shared
   pairwise times (avg, min, max): 3.09944e-07 3.09944e-07 3.09944e-07
   crystal router                : 4.05312e-07 4.05312e-07 4.05312e-07
   all reduce                    : 5.00679e-07 5.00679e-07 5.00679e-07
   used all_to_all method: pairwise
   handle bytes (avg, min, max): 1132 1132 1132
   buffer bytes (avg, min, max): 112 112 112
   setupds time 2.0194E-04 seconds   1  2          49          36
   setvert2d:   4         217         361         217         217
 call usrsetvert
 done :: usrsetvert

gs_setup: 19 unique labels shared
   pairwise times (avg, min, max): 5.00679e-07 5.00679e-07 5.00679e-07
   crystal router                : 5.00679e-07 5.00679e-07 5.00679e-07
   all reduce                    : 5.96046e-07 5.96046e-07 5.96046e-07
   used all_to_all method: pairwise
   handle bytes (avg, min, max): 2716 2716 2716
   buffer bytes (avg, min, max): 304 304 304
   setupds time 2.7919E-04 seconds   2  4         217          36
   setvert2d:   4         217         361         217         217
 call usrsetvert
 done :: usrsetvert

gs_setup: 19 unique labels shared
   pairwise times (avg, min, max): 4.05312e-07 4.05312e-07 4.05312e-07
   crystal router                : 7.86781e-07 7.86781e-07 7.86781e-07
   all reduce                    : 6.19888e-07 6.19888e-07 6.19888e-07
   used all_to_all method: pairwise
   handle bytes (avg, min, max): 2716 2716 2716
   buffer bytes (avg, min, max): 304 304 304
   setupds time 2.1911E-04 seconds   3  4         217          36
   setvert2d:   6         385         961         385         385
 call usrsetvert
 done :: usrsetvert

gs_setup: 31 unique labels shared
   pairwise times (avg, min, max): 5.00679e-07 5.00679e-07 5.00679e-07
   crystal router                : 4.29153e-07 3.8147e-07 4.76837e-07
   all reduce                    : 6.91414e-07 6.91414e-07 6.91414e-07
   used all_to_all method: crystal router
   handle bytes (avg, min, max): 5940 5940 5940
   buffer bytes (avg, min, max): 992 992 992
   setupds time 2.5892E-04 seconds   4  6         385          36
 setup h1 coarse grid, nx_crs=           2
 call usrsetvert
 done :: usrsetvert

gs_setup: 7 unique labels shared
   pairwise times (avg, min, max): 4.05312e-07 4.05312e-07 4.05312e-07
   crystal router                : 3.8147e-07 3.8147e-07 3.8147e-07
   all reduce                    : 4.41074e-07 3.8147e-07 5.00679e-07
   used all_to_all method: crystal router
   handle bytes (avg, min, max): 1620 1620 1620
   buffer bytes (avg, min, max): 224 224 224
 done :: setup h1 coarse grid    4.7397613525390625E-004  sec
  
 call usrdat3
 done :: usrdat3

 set initial conditions
 nekuic (1) for ifld            1
 call nekuic for vel  
 xyz min     0.0000       0.0000       0.0000    
 uvwpt min   0.0000       0.0000       0.0000       0.0000       0.0000    
 xyz max     1.0000       1.0000       0.0000    
 uvwpt max   0.0000       0.0000       0.0000       0.0000       0.0000    
 done :: set initial conditions
  
 call userchk
           0  tcrsl_min:    0.0000000000000000     
           0  tcrsl_max:    0.0000000000000000     
           0  tcrsl_avg:    0.0000000000000000     
 done :: userchk

gridpoints unique/tot:          1849         2304
  dofs:                 1681                 1296
  
 Initialization successfully completed   0.15860E-01 sec

Starting time loop ...

     DT/DTCFL/DTFS/DTINIT   0.534E-02   0.534E-02   0.000E+00   0.100E+00
Step      1, t= 5.3441391E-03, DT= 5.3441391E-03, C=  0.500 0.0000E+00 0.0000E+00
 Solving for fluid F T T
   1.0000000000000000E-008  p22            1           1
  1     1 Helmholtz VELX    F:   9.0067E+00   1.0000E-08   1.0000E-02   1.8712E+02
  1     2 Helmholtz VELX    F:   1.9012E+00   1.0000E-08   1.0000E-02   1.8712E+02
  1     3 Helmholtz VELX    F:   4.4739E-01   1.0000E-08   1.0000E-02   1.8712E+02
  1     4 Helmholtz VELX    F:   1.5142E-01   1.0000E-08   1.0000E-02   1.8712E+02
  1     5 Helmholtz VELX    F:   3.4198E-02   1.0000E-08   1.0000E-02   1.8712E+02
  1     6 Helmholtz VELX    F:   1.0387E-02   1.0000E-08   1.0000E-02   1.8712E+02
  1     7 Helmholtz VELX    F:   2.3599E-03   1.0000E-08   1.0000E-02   1.8712E+02
  1     8 Helmholtz VELX    F:   8.3992E-04   1.0000E-08   1.0000E-02   1.8712E+02
  1     9 Helmholtz VELX    F:   2.0882E-04   1.0000E-08   1.0000E-02   1.8712E+02
  1    10 Helmholtz VELX    F:   5.8465E-05   1.0000E-08   1.0000E-02   1.8712E+02
  1    11 Helmholtz VELX    F:   1.5418E-05   1.0000E-08   1.0000E-02   1.8712E+02
  1    12 Helmholtz VELX    F:   3.8284E-06   1.0000E-08   1.0000E-02   1.8712E+02
  1    13 Helmholtz VELX    F:   1.2370E-06   1.0000E-08   1.0000E-02   1.8712E+02
  1    14 Helmholtz VELX    F:   2.9643E-07   1.0000E-08   1.0000E-02   1.8712E+02
  1    15 Helmholtz VELX    F:   1.0054E-07   1.0000E-08   1.0000E-02   1.8712E+02
  1    16 Helmholtz VELX    F:   3.0547E-08   1.0000E-08   1.0000E-02   1.8712E+02
  1    17 Helmholtz VELX    F:   9.9009E-09   1.0000E-08   1.0000E-02   1.8712E+02
          1    Hmholtz VELX:     16   9.9009E-09   9.0067E+00   1.0000E-08
   1.0000000000000000E-008  p22            1           1
  1     1 Helmholtz VELY    F:   0.0000E+00   1.0000E-08   1.0000E-02   1.8712E+02
          1    Hmholtz VELY:      0   0.0000E+00   0.0000E+00   1.0000E-08
    1 1.00000E-06 2.23234E-01 3.26310E-01 6.84117E-01       1 Divergence
    2 1.00000E-06 1.04065E-01 3.26310E-01 3.18913E-01       1 Divergence
    3 1.00000E-06 3.60656E-02 3.26310E-01 1.10525E-01       1 Divergence
    4 1.00000E-06 1.05167E-02 3.26310E-01 3.22291E-02       1 Divergence
    5 1.00000E-06 3.37149E-03 3.26310E-01 1.03322E-02       1 Divergence
    6 1.00000E-06 1.27047E-03 3.26310E-01 3.89344E-03       1 Divergence
    7 1.00000E-06 3.31396E-04 3.26310E-01 1.01558E-03       1 Divergence
    8 1.00000E-06 9.09617E-05 3.26310E-01 2.78758E-04       1 Divergence
    9 1.00000E-06 2.20258E-05 3.26310E-01 6.74996E-05       1 Divergence
   10 1.00000E-06 6.08258E-06 3.26310E-01 1.86405E-05       1 Divergence
   11 1.00000E-06 2.03505E-06 3.26310E-01 6.23655E-06       1 Divergence
   12 1.00000E-06 5.42758E-07 3.26310E-01 1.66332E-06       1 Divergence
         1 U-PRES gmres:     12  5.4276E-07  1.0000E-06  3.2631E-01  9.0885E-04  2.5902E-03
          1   5.3441E-03  4.2219E-03 Fluid done
           1  tcrsl_min:    4.5061111450195313E-005
           1  tcrsl_max:    4.8398971557617188E-005
           1  tcrsl_avg:    4.6730041503906250E-005
 schfile:/scratch/nof/phd/simulations/timing/cavity/run/cavity.sch                                                                           
Step      2, t= 1.0688278E-02, DT= 5.3441391E-03, C=  0.500 5.5189E-03 5.5189E-03
 Solving for fluid F T T
   1.0000000000000000E-008  p22            2           1
          2    Hmholtz VELX:     15   3.1109E-09   8.0916E+00   1.0000E-08
   1.0000000000000000E-008  p22            2           1
          2    Hmholtz VELY:     13   8.2341E-09   2.5102E+00   1.0000E-08
         2 U-PRES gmres:     11  9.3712E-07  1.0000E-06  1.0519E-01  7.4100E-04  1.7941E-03
          2   1.0688E-02  3.0940E-03 Fluid done
           2  tcrsl_min:    7.9870223999023438E-005
           2  tcrsl_max:    8.5115432739257813E-005
           2  tcrsl_avg:    8.2492828369140625E-005
Step      3, t= 1.6032417E-02, DT= 5.3441391E-03, C=  0.500 9.5639E-03 4.0450E-03
 Solving for fluid F T T
   1.0000000000000000E-008  p22            3           1
          3    Hmholtz VELX:     14   9.0418E-09   5.4406E+00   1.0000E-08
   1.0000000000000000E-008  p22            3           1
          3    Hmholtz VELY:     13   5.9378E-09   9.5981E-01   1.0000E-08
         3 U-PRES gmres:     10  3.6215E-07  1.0000E-06  2.1756E-02  6.7663E-04  1.6298E-03
          3   1.6032E-02  2.9888E-03 Fluid done
           3  tcrsl_min:    1.1706352233886719E-004
           3  tcrsl_max:    1.2445449829101563E-004
           3  tcrsl_avg:    1.2075901031494141E-004
Step      4, t= 2.1376556E-02, DT= 5.3441391E-03, C=  0.500 1.3397E-02 3.8331E-03
 Solving for fluid F T T
   1.0000000000000000E-008  p22            4           1
          4    Hmholtz VELX:     14   5.0379E-09   3.5192E+00   1.0000E-08
   1.0000000000000000E-008  p22            4           1
          4    Hmholtz VELY:     13   5.4502E-09   9.5486E-01   1.0000E-08
         4 U-PRES gmres:      9  8.1256E-07  1.0000E-06  1.0365E-02  5.9557E-04  1.4431E-03
          4   2.1377E-02  2.7380E-03 Fluid done
           4  tcrsl_min:    1.4448165893554688E-004
           4  tcrsl_max:    1.5473365783691406E-004
           4  tcrsl_avg:    1.4960765838623047E-004
Step      5, t= 2.6720696E-02, DT= 5.3441391E-03, C=  0.500 1.6955E-02 3.5582E-03
 Solving for fluid F T T
   1.0000000000000000E-008  p22            5           1
          5    Hmholtz VELX:     14   2.7398E-09   2.5473E+00   1.0000E-08
   1.0000000000000000E-008  p22            5           1
          5    Hmholtz VELY:     13   4.4478E-09   7.8356E-01   1.0000E-08
         5 U-PRES gmres:      9  5.4123E-07  1.0000E-06  8.7001E-03  5.9676E-04  1.4451E-03
          5   2.6721E-02  2.7828E-03 Fluid done
           5  tcrsl_min:    1.7356872558593750E-004
           5  tcrsl_max:    1.8596649169921875E-004
           5  tcrsl_avg:    1.7976760864257813E-004
Step      6, t= 3.2064835E-02, DT= 5.3441391E-03, C=  0.500 2.0562E-02 3.6068E-03
 Solving for fluid F T T
   1.0000000000000000E-008  p22            6           1
          6    Hmholtz VELX:     13   8.1330E-09   2.0541E+00   1.0000E-08
   1.0000000000000000E-008  p22            6           1
          6    Hmholtz VELY:     13   3.5803E-09   6.6259E-01   1.0000E-08
         6 U-PRES gmres:      9  3.5537E-07  1.0000E-06  7.0143E-03  5.9700E-04  1.4441E-03
          6   3.2065E-02  2.7668E-03 Fluid done
           6  tcrsl_min:    2.0074844360351563E-004
           6  tcrsl_max:    2.1624565124511719E-004
           6  tcrsl_avg:    2.0849704742431641E-004
Step      7, t= 3.7408974E-02, DT= 5.3441391E-03, C=  0.500 2.4144E-02 3.5820E-03
 Solving for fluid F T T
   1.0000000000000000E-008  p22            7           1
          7    Hmholtz VELX:     13   7.9055E-09   1.7652E+00   1.0000E-08
   1.0000000000000000E-008  p22            7           1
          7    Hmholtz VELY:     13   2.9181E-09   5.8221E-01   1.0000E-08
         7 U-PRES gmres:      9  2.5139E-07  1.0000E-06  5.5665E-03  6.0773E-04  1.4641E-03
          7   3.7409E-02  2.7168E-03 Fluid done
           7  tcrsl_min:    2.2840499877929688E-004
           7  tcrsl_max:    2.4390220642089844E-004
           7  tcrsl_avg:    2.3615360260009766E-004
Step      8, t= 4.2753113E-02, DT= 5.3441391E-03, C=  0.500 2.7649E-02 3.5050E-03
 Solving for fluid F T T
   1.0000000000000000E-008  p22            8           1
          8    Hmholtz VELX:     13   7.2517E-09   1.5619E+00   1.0000E-08
   1.0000000000000000E-008  p22            8           1
          8    Hmholtz VELY:     13   2.4851E-09   5.2659E-01   1.0000E-08
         8 U-PRES gmres:      8  8.4514E-07  1.0000E-06  4.4577E-03  5.5623E-04  1.3070E-03
          8   4.2753E-02  2.5690E-03 Fluid done
           8  tcrsl_min:    2.5296211242675781E-004
           8  tcrsl_max:    2.7155876159667969E-004
           8  tcrsl_avg:    2.6226043701171875E-004
Step      9, t= 4.8097252E-02, DT= 5.3441391E-03, C=  0.500 3.1030E-02 3.3810E-03
 Solving for fluid F T T
   1.0000000000000000E-008  p22            9           1
          9    Hmholtz VELX:     13   6.5744E-09   1.4031E+00   1.0000E-08
   1.0000000000000000E-008  p22            9           1
          9    Hmholtz VELY:     13   2.2063E-09   4.8543E-01   1.0000E-08
         9 U-PRES gmres:      8  6.9961E-07  1.0000E-06  3.6500E-03  5.3072E-04  1.2798E-03
          9   4.8097E-02  2.5351E-03 Fluid done
           9  tcrsl_min:    2.7704238891601563E-004
           9  tcrsl_max:    2.9873847961425781E-004
           9  tcrsl_avg:    2.8789043426513672E-004
Step     10, t= 5.3441391E-02, DT= 5.3441391E-03, C=  0.500 3.4373E-02 3.3431E-03
 Solving for fluid F T T
   1.0000000000000000E-008  p22           10           1
         10    Hmholtz VELX:     13   5.9905E-09   1.2741E+00   1.0000E-08
   1.0000000000000000E-008  p22           10           1
         10    Hmholtz VELY:     12   9.4318E-09   4.5295E-01   1.0000E-08
        10 U-PRES gmres:      8  6.0233E-07  1.0000E-06  3.0629E-03  5.3287E-04  1.2839E-03
         10   5.3441E-02  2.5029E-03 Fluid done
          10  tcrsl_min:    2.9993057250976563E-004
          10  tcrsl_max:    3.2687187194824219E-004
          10  tcrsl_avg:    3.1340122222900391E-004
Step     11, t= 5.8785530E-02, DT= 5.3441391E-03, C=  0.500 3.7691E-02 3.3181E-03
 Solving for fluid F T T
         11    Hmholtz VELX:     13   5.5589E-09   1.1672E+00   1.0000E-08
         11    Hmholtz VELY:     12   8.8946E-09   4.2600E-01   1.0000E-08
        11 U-PRES gmres:      8  5.3041E-07  1.0000E-06  2.6235E-03  5.3287E-04  1.2841E-03
         11   5.8786E-02  2.4309E-03 Fluid done
          11  tcrsl_min:    3.2258033752441406E-004
          11  tcrsl_max:    3.5142898559570313E-004
          11  tcrsl_avg:    3.3700466156005859E-004
Step     12, t= 6.4129669E-02, DT= 5.3441391E-03, C=  0.500 4.0959E-02 3.2680E-03
 Solving for fluid F T T
         12    Hmholtz VELX:     13   5.2481E-09   1.0775E+00   1.0000E-08
         12    Hmholtz VELY:     12   8.4273E-09   4.0292E-01   1.0000E-08
        12 U-PRES gmres:      8  4.7328E-07  1.0000E-06  2.2811E-03  5.3096E-04  1.2820E-03
         12   6.4130E-02  2.4109E-03 Fluid done
          12  tcrsl_min:    3.4785270690917969E-004
          12  tcrsl_max:    3.7956237792968750E-004
          12  tcrsl_avg:    3.6370754241943359E-004
Step     13, t= 6.9473808E-02, DT= 5.3441391E-03, C=  0.500 4.4179E-02 3.2198E-03
 Solving for fluid F T T
         13    Hmholtz VELX:     13   4.9929E-09   1.0014E+00   1.0000E-08
         13    Hmholtz VELY:     12   8.0149E-09   3.8274E-01   1.0000E-08
        13 U-PRES gmres:      8  4.2593E-07  1.0000E-06  2.0049E-03  5.3430E-04  1.2951E-03
         13   6.9474E-02  2.4049E-03 Fluid done
          13  tcrsl_min:    3.7264823913574219E-004
          13  tcrsl_max:    4.0531158447265625E-004
          13  tcrsl_avg:    3.8897991180419922E-004
Step     14, t= 7.4817947E-02, DT= 5.3441391E-03, C=  0.500 4.7403E-02 3.2241E-03
 Solving for fluid F T T
         14    Hmholtz VELX:     13   4.7539E-09   9.3599E-01   1.0000E-08
         14    Hmholtz VELY:     12   7.6475E-09   3.6487E-01   1.0000E-08
        14 U-PRES gmres:      8  3.8582E-07  1.0000E-06  1.7770E-03  5.3310E-04  1.3020E-03
         14   7.4818E-02  2.4080E-03 Fluid done
          14  tcrsl_min:    3.9839744567871094E-004
          14  tcrsl_max:    4.3296813964843750E-004
          14  tcrsl_avg:    4.1568279266357422E-004
Step     15, t= 8.0162087E-02, DT= 5.3441391E-03, C=  0.500 5.0624E-02 3.2210E-03
 Solving for fluid F T T
         15    Hmholtz VELX:     13   4.5183E-09   8.7917E-01   1.0000E-08
         15    Hmholtz VELY:     12   7.3181E-09   3.4892E-01   1.0000E-08
        15 U-PRES gmres:      8  3.5145E-07  1.0000E-06  1.5865E-03  5.3144E-04  1.2820E-03
         15   8.0162E-02  2.4090E-03 Fluid done
          15  tcrsl_min:    4.2295455932617188E-004
          15  tcrsl_max:    4.5943260192871094E-004
          15  tcrsl_avg:    4.4119358062744141E-004
Step     16, t= 8.5506226E-02, DT= 5.3441391E-03, C=  0.500 5.3847E-02 3.2229E-03
 Solving for fluid F T T
         16    Hmholtz VELX:     13   4.2849E-09   8.2932E-01   1.0000E-08
         16    Hmholtz VELY:     12   7.0215E-09   3.3459E-01   1.0000E-08
        16 U-PRES gmres:      8  3.2181E-07  1.0000E-06  1.4265E-03  5.3310E-04  1.3392E-03
         16   8.5506E-02  2.4509E-03 Fluid done
          16  tcrsl_min:    4.4941902160644531E-004
          16  tcrsl_max:    4.8589706420898438E-004
          16  tcrsl_avg:    4.6765804290771484E-004
Step     17, t= 9.0850365E-02, DT= 5.3441391E-03, C=  0.500 5.7136E-02 3.2890E-03
 Solving for fluid F T T
         17    Hmholtz VELX:     13   4.0560E-09   7.8520E-01   1.0000E-08
         17    Hmholtz VELY:     12   6.7533E-09   3.2163E-01   1.0000E-08
        17 U-PRES gmres:      8  2.9610E-07  1.0000E-06  1.2915E-03  5.3215E-04  1.2839E-03
         17   9.0850E-02  2.4102E-03 Fluid done
          17  tcrsl_min:    4.7445297241210938E-004
          17  tcrsl_max:    5.1188468933105469E-004
          17  tcrsl_avg:    4.9316883087158203E-004
Step     18, t= 9.6194504E-02, DT= 5.3441391E-03, C=  0.500 6.0365E-02 3.2289E-03
 Solving for fluid F T T
         18    Hmholtz VELX:     13   3.8342E-09   7.4584E-01   1.0000E-08
         18    Hmholtz VELY:     12   6.5098E-09   3.0986E-01   1.0000E-08
        18 U-PRES gmres:      7  9.3430E-07  1.0000E-06  1.1774E-03  4.6730E-04  1.1361E-03
         18   9.6195E-02  2.2502E-03 Fluid done
          18  tcrsl_min:    4.9901008605957031E-004
          18  tcrsl_max:    5.3644180297851563E-004
          18  tcrsl_avg:    5.1772594451904297E-004
Step     19, t= 1.0153864E-01, DT= 5.3441391E-03, C=  0.500 6.3434E-02 3.0692E-03
 Solving for fluid F T T
         19    Hmholtz VELX:     13   3.6220E-09   7.1048E-01   1.0000E-08
         19    Hmholtz VELY:     12   6.2878E-09   2.9911E-01   1.0000E-08
        19 U-PRES gmres:      7  8.7015E-07  1.0000E-06  1.0805E-03  4.6372E-04  1.1201E-03
         19   1.0154E-01  2.2500E-03 Fluid done
          19  tcrsl_min:    5.2118301391601563E-004
          19  tcrsl_max:    5.5956840515136719E-004
          19  tcrsl_avg:    5.4037570953369141E-004
Step     20, t= 1.0688278E-01, DT= 5.3441391E-03, C=  0.500 6.6500E-02 3.0658E-03
 Solving for fluid F T T
         20    Hmholtz VELX:     13   3.4208E-09   6.7853E-01   1.0000E-08
         20    Hmholtz VELY:     12   6.0847E-09   2.8926E-01   1.0000E-08
        20 U-PRES gmres:      7  8.1332E-07  1.0000E-06  9.9786E-04  4.6563E-04  1.1210E-03
         20   1.0688E-01  2.2292E-03 Fluid done
          20  tcrsl_min:    5.4264068603515625E-004
          20  tcrsl_max:    5.8388710021972656E-004
          20  tcrsl_avg:    5.6326389312744141E-004
Step     21, t= 1.1222692E-01, DT= 5.3441391E-03, C=  0.500 6.9552E-02 3.0520E-03
 Solving for fluid F T T
         21    Hmholtz VELX:     13   3.2319E-09   6.4948E-01   1.0000E-08
         21    Hmholtz VELY:     12   5.8982E-09   2.8018E-01   1.0000E-08
        21 U-PRES gmres:      7  7.6403E-07  1.0000E-06  9.2681E-04  4.6706E-04  1.1590E-03
         21   1.1223E-01  2.2810E-03 Fluid done
          21  tcrsl_min:    5.6338310241699219E-004
          21  tcrsl_max:    6.0677528381347656E-004
          21  tcrsl_avg:    5.8507919311523438E-004
Step     22, t= 1.1757106E-01, DT= 5.3441391E-03, C=  0.500 7.2645E-02 3.0930E-03
 Solving for fluid F T T
         22    Hmholtz VELX:     13   3.0557E-09   6.2294E-01   1.0000E-08
         22    Hmholtz VELY:     12   5.7263E-09   2.7180E-01   1.0000E-08
        22 U-PRES gmres:      7  7.2050E-07  1.0000E-06  8.6519E-04  4.6468E-04  1.1199E-03
         22   1.1757E-01  2.2390E-03 Fluid done
          22  tcrsl_min:    5.8650970458984375E-004
          22  tcrsl_max:    6.3085556030273438E-004
          22  tcrsl_avg:    6.0868263244628906E-004
Step     23, t= 1.2291520E-01, DT= 5.3441391E-03, C=  0.500 7.5707E-02 3.0620E-03
 Solving for fluid F T T
         23    Hmholtz VELX:     13   2.8922E-09   5.9860E-01   1.0000E-08
         23    Hmholtz VELY:     12   5.5672E-09   2.6402E-01   1.0000E-08
        23 U-PRES gmres:      7  6.8186E-07  1.0000E-06  8.1125E-04  4.7040E-04  1.1642E-03
         23   1.2292E-01  2.2821E-03 Fluid done
          23  tcrsl_min:    6.0844421386718750E-004
          23  tcrsl_max:    6.5493583679199219E-004
          23  tcrsl_avg:    6.3169002532958984E-004
Step     24, t= 1.2825934E-01, DT= 5.3441391E-03, C=  0.500 7.8804E-02 3.0971E-03
 Solving for fluid F T T
         24    Hmholtz VELX:     13   2.7410E-09   5.7617E-01   1.0000E-08
         24    Hmholtz VELY:     12   5.4194E-09   2.5679E-01   1.0000E-08
        24 U-PRES gmres:      7  6.4732E-07  1.0000E-06  7.6360E-04  4.6802E-04  1.1220E-03
         24   1.2826E-01  2.2340E-03 Fluid done
          24  tcrsl_min:    6.2942504882812500E-004
          24  tcrsl_max:    6.7806243896484375E-004
          24  tcrsl_avg:    6.5374374389648438E-004
Step     25, t= 1.3360348E-01, DT= 5.3441391E-03, C=  0.500 8.1852E-02 3.0479E-03
 Solving for fluid F T T
         25    Hmholtz VELX:     13   2.6017E-09   5.5544E-01   1.0000E-08
         25    Hmholtz VELY:     12   5.2817E-09   2.5003E-01   1.0000E-08
        25 U-PRES gmres:      7  6.1623E-07  1.0000E-06  7.2109E-04  4.6706E-04  1.1191E-03
         25   1.3360E-01  2.2209E-03 Fluid done
          25  tcrsl_min:    6.5064430236816406E-004
          25  tcrsl_max:    7.0238113403320313E-004
          25  tcrsl_avg:    6.7651271820068359E-004
Step     26, t= 1.3894762E-01, DT= 5.3441391E-03, C=  0.500 8.4902E-02 3.0501E-03
 Solving for fluid F T T
         26    Hmholtz VELX:     13   2.4732E-09   5.3622E-01   1.0000E-08
         26    Hmholtz VELY:     12   5.1530E-09   2.4371E-01   1.0000E-08
        26 U-PRES gmres:      7  5.8806E-07  1.0000E-06  6.8285E-04  4.6825E-04  1.1208E-03
         26   1.3895E-01  2.2469E-03 Fluid done
          26  tcrsl_min:    6.7210197448730469E-004
          26  tcrsl_max:    7.2479248046875000E-004
          26  tcrsl_avg:    6.9844722747802734E-004
Step     27, t= 1.4429176E-01, DT= 5.3441391E-03, C=  0.500 8.7961E-02 3.0589E-03
 Solving for fluid F T T
         27    Hmholtz VELX:     13   2.3548E-09   5.1833E-01   1.0000E-08
         27    Hmholtz VELY:     12   5.0323E-09   2.3778E-01   1.0000E-08
        27 U-PRES gmres:      7  5.6237E-07  1.0000E-06  6.4818E-04  4.6754E-04  1.1461E-03
         27   1.4429E-01  2.2960E-03 Fluid done
          27  tcrsl_min:    6.9403648376464844E-004
          27  tcrsl_max:    7.4768066406250000E-004
          27  tcrsl_avg:    7.2085857391357422E-004
Step     28, t= 1.4963589E-01, DT= 5.3441391E-03, C=  0.500 9.1067E-02 3.1061E-03
 Solving for fluid F T T
         28    Hmholtz VELX:     13   2.2456E-09   5.0163E-01   1.0000E-08
         28    Hmholtz VELY:     12   4.9188E-09   2.3220E-01   1.0000E-08
        28 U-PRES gmres:      7  5.3882E-07  1.0000E-06  6.1654E-04  4.6587E-04  1.1191E-03
         28   1.4964E-01  2.2650E-03 Fluid done
          28  tcrsl_min:    7.1620941162109375E-004
          28  tcrsl_max:    7.7176094055175781E-004
          28  tcrsl_avg:    7.4398517608642578E-004
Step     29, t= 1.5498003E-01, DT= 5.3441391E-03, C=  0.500 9.4193E-02 3.1259E-03
 Solving for fluid F T T
         29    Hmholtz VELX:     13   2.1445E-09   4.8602E-01   1.0000E-08
         29    Hmholtz VELY:     12   4.8118E-09   2.2693E-01   1.0000E-08
        29 U-PRES gmres:      7  5.1712E-07  1.0000E-06  5.8748E-04  4.6730E-04  1.1220E-03
         29   1.5498E-01  2.2359E-03 Fluid done
          29  tcrsl_min:    7.3814392089843750E-004
          29  tcrsl_max:    7.9584121704101563E-004
          29  tcrsl_avg:    7.6699256896972656E-004
Step     30, t= 1.6032417E-01, DT= 5.3441391E-03, C=  0.500 9.7290E-02 3.0971E-03
 Solving for fluid F T T
         30    Hmholtz VELX:     13   2.0509E-09   4.7139E-01   1.0000E-08
         30    Hmholtz VELY:     12   4.7105E-09   2.2196E-01   1.0000E-08
        30 U-PRES gmres:      7  4.9702E-07  1.0000E-06  5.6068E-04  4.6802E-04  1.1210E-03
         30   1.6032E-01  2.2471E-03 Fluid done
          30  tcrsl_min:    7.5984001159667969E-004
          30  tcrsl_max:    8.1753730773925781E-004
          30  tcrsl_avg:    7.8868865966796875E-004
Step     31, t= 1.6566831E-01, DT= 5.3441391E-03, C=  0.500 1.0035E-01 3.0580E-03
 Solving for fluid F T T
         31    Hmholtz VELX:     13   1.9640E-09   4.5763E-01   1.0000E-08
         31    Hmholtz VELY:     12   4.6145E-09   2.1726E-01   1.0000E-08
        31 U-PRES gmres:      7  4.7834E-07  1.0000E-06  5.3584E-04  4.6802E-04  1.1449E-03
         31   1.6567E-01  2.2690E-03 Fluid done
          31  tcrsl_min:    7.8105926513671875E-004
          31  tcrsl_max:    8.4090232849121094E-004
          31  tcrsl_avg:    8.1098079681396484E-004
Step     32, t= 1.7101245E-01, DT= 5.3441391E-03, C=  0.500 1.0342E-01 3.0689E-03
 Solving for fluid F T T
         32    Hmholtz VELX:     13   1.8829E-09   4.4468E-01   1.0000E-08
         32    Hmholtz VELY:     12   4.5233E-09   2.1280E-01   1.0000E-08
        32 U-PRES gmres:      7  4.6091E-07  1.0000E-06  5.1276E-04  5.0378E-04  1.1740E-03
         32   1.7101E-01  2.3360E-03 Fluid done
          32  tcrsl_min:    8.3923339843750000E-004
          32  tcrsl_max:    8.9907646179199219E-004
          32  tcrsl_avg:    8.6915493011474609E-004
Step     33, t= 1.7635659E-01, DT= 5.3441391E-03, C=  0.500 1.0660E-01 3.1781E-03
 Solving for fluid F T T
         33    Hmholtz VELX:     13   1.8073E-09   4.3246E-01   1.0000E-08
         33    Hmholtz VELY:     12   4.4364E-09   2.0856E-01   1.0000E-08
        33 U-PRES gmres:      7  4.4459E-07  1.0000E-06  4.9123E-04  4.6515E-04  1.1208E-03
         33   1.7636E-01  2.2249E-03 Fluid done
          33  tcrsl_min:    8.5878372192382813E-004
          33  tcrsl_max:    9.2363357543945313E-004
          33  tcrsl_avg:    8.9120864868164063E-004
Step     34, t= 1.8170073E-01, DT= 5.3441391E-03, C=  0.500 1.0964E-01 3.0439E-03
 Solving for fluid F T T
         34    Hmholtz VELX:     12   9.6975E-09   4.2092E-01   1.0000E-08
         34    Hmholtz VELY:     12   4.3534E-09   2.0453E-01   1.0000E-08
        34 U-PRES gmres:      7  4.2928E-07  1.0000E-06  4.7112E-04  4.6635E-04  1.1210E-03
         34   1.8170E-01  2.2070E-03 Fluid done
          34  tcrsl_min:    8.7976455688476563E-004
          34  tcrsl_max:    9.4771385192871094E-004
          34  tcrsl_avg:    9.1373920440673828E-004
Step     35, t= 1.8704487E-01, DT= 5.3441391E-03, C=  0.500 1.1268E-01 3.0372E-03
 Solving for fluid F T T
         35    Hmholtz VELX:     12   9.2921E-09   4.0999E-01   1.0000E-08
         35    Hmholtz VELY:     12   4.2740E-09   2.0069E-01   1.0000E-08
        35 U-PRES gmres:      7  4.1488E-07  1.0000E-06  4.5229E-04  4.6897E-04  1.1232E-03
         35   1.8704E-01  2.2409E-03 Fluid done
          35  tcrsl_min:    9.0169906616210938E-004
          35  tcrsl_max:    9.6964836120605469E-004
          35  tcrsl_avg:    9.3567371368408203E-004
Step     36, t= 1.9238901E-01, DT= 5.3441391E-03, C=  0.500 1.1573E-01 3.0520E-03
 Solving for fluid F T T
         36    Hmholtz VELX:     12   8.9116E-09   3.9962E-01   1.0000E-08
         36    Hmholtz VELY:     12   4.1980E-09   1.9703E-01   1.0000E-08
        36 U-PRES gmres:      7  4.0130E-07  1.0000E-06  4.3463E-04  4.6611E-04  1.1320E-03
         36   1.9239E-01  2.2171E-03 Fluid done
          36  tcrsl_min:    9.2244148254394531E-004
          36  tcrsl_max:    9.9349021911621094E-004
          36  tcrsl_avg:    9.5796585083007813E-004
Step     37, t= 1.9773315E-01, DT= 5.3441391E-03, C=  0.500 1.1876E-01 3.0348E-03
 Solving for fluid F T T
         37    Hmholtz VELX:     12   8.5541E-09   3.8978E-01   1.0000E-08
         37    Hmholtz VELY:     12   4.1249E-09   1.9352E-01   1.0000E-08
        37 U-PRES gmres:      7  3.8848E-07  1.0000E-06  4.1804E-04  4.6611E-04  1.1182E-03
         37   1.9773E-01  2.2061E-03 Fluid done
          37  tcrsl_min:    9.4389915466308594E-004
          37  tcrsl_max:    1.0168552398681641E-003
          37  tcrsl_avg:    9.8037719726562500E-004
Step     38, t= 2.0307729E-01, DT= 5.3441391E-03, C=  0.500 1.2179E-01 3.0251E-03
 Solving for fluid F T T
         38    Hmholtz VELX:     12   8.2180E-09   3.8042E-01   1.0000E-08
         38    Hmholtz VELY:     12   4.0547E-09   1.9017E-01   1.0000E-08
        38 U-PRES gmres:      7  3.7635E-07  1.0000E-06  4.0244E-04  4.6682E-04  1.1230E-03
         38   2.0308E-01  2.2099E-03 Fluid done
          38  tcrsl_min:    9.6487998962402344E-004
          38  tcrsl_max:    1.0397434234619141E-003
          38  tcrsl_avg:    1.0023117065429688E-003
Step     39, t= 2.0842142E-01, DT= 5.3441391E-03, C=  0.500 1.2484E-01 3.0479E-03
 Solving for fluid F T T
         39    Hmholtz VELX:     12   7.9018E-09   3.7150E-01   1.0000E-08
         39    Hmholtz VELY:     12   3.9871E-09   1.8697E-01   1.0000E-08
        39 U-PRES gmres:      7  3.6487E-07  1.0000E-06  3.8774E-04  4.6802E-04  1.1210E-03
         39   2.0842E-01  2.2240E-03 Fluid done
          39  tcrsl_min:    9.8705291748046875E-004
          39  tcrsl_max:    1.0638236999511719E-003
          39  tcrsl_avg:    1.0254383087158203E-003
Step     40, t= 2.1376556E-01, DT= 5.3441391E-03, C=  0.500 1.2797E-01 3.1390E-03
 Solving for fluid F T T
         40    Hmholtz VELX:     12   7.6041E-09   3.6301E-01   1.0000E-08
         40    Hmholtz VELY:     12   3.9219E-09   1.8389E-01   1.0000E-08
        40 U-PRES gmres:      7  3.5398E-07  1.0000E-06  3.7390E-04  4.8304E-04  1.1380E-03
         40   2.1377E-01  2.2709E-03 Fluid done
          40  tcrsl_min:    1.0066032409667969E-003
          40  tcrsl_max:    1.0874271392822266E-003
          40  tcrsl_avg:    1.0470151901245117E-003
Step     41, t= 2.1910970E-01, DT= 5.3441391E-03, C=  0.500 1.3146E-01 3.4900E-03
 Solving for fluid F T T
         41    Hmholtz VELX:     12   7.3235E-09   3.5489E-01   1.0000E-08
         41    Hmholtz VELY:     12   3.8590E-09   1.8094E-01   1.0000E-08
        41 U-PRES gmres:      7  3.4364E-07  1.0000E-06  3.6083E-04  4.7088E-04  1.1420E-03
         41   2.1911E-01  2.2759E-03 Fluid done
          41  tcrsl_min:    1.0287761688232422E-003
          41  tcrsl_max:    1.1105537414550781E-003
          41  tcrsl_avg:    1.0696649551391602E-003
Step     42, t= 2.2445384E-01, DT= 5.3441391E-03, C=  0.500 1.3461E-01 3.1440E-03
 Solving for fluid F T T
         42    Hmholtz VELX:     12   7.0590E-09   3.4714E-01   1.0000E-08
         42    Hmholtz VELY:     12   3.7982E-09   1.7810E-01   1.0000E-08
        42 U-PRES gmres:      7  3.3382E-07  1.0000E-06  3.4849E-04  4.6635E-04  1.1210E-03
         42   2.2445E-01  2.2540E-03 Fluid done
          42  tcrsl_min:    1.0511875152587891E-003
          42  tcrsl_max:    1.1348724365234375E-003
          42  tcrsl_avg:    1.0930299758911133E-003
Step     43, t= 2.2979798E-01, DT= 5.3441391E-03, C=  0.500 1.3768E-01 3.0751E-03
 Solving for fluid F T T
         43    Hmholtz VELX:     12   6.8093E-09   3.3972E-01   1.0000E-08
         43    Hmholtz VELY:     12   3.7393E-09   1.7537E-01   1.0000E-08
        43 U-PRES gmres:      7  3.2448E-07  1.0000E-06  3.3683E-04  4.6682E-04  1.1201E-03
         43   2.2980E-01  2.3041E-03 Fluid done
          43  tcrsl_min:    1.0721683502197266E-003
          43  tcrsl_max:    1.1577606201171875E-003
          43  tcrsl_avg:    1.1149644851684570E-003
Step     44, t= 2.3514212E-01, DT= 5.3441391E-03, C=  0.500 1.4086E-01 3.1738E-03
 Solving for fluid F T T
         44    Hmholtz VELX:     12   6.5735E-09   3.3262E-01   1.0000E-08
         44    Hmholtz VELY:     12   3.6824E-09   1.7275E-01   1.0000E-08
        44 U-PRES gmres:      7  3.1559E-07  1.0000E-06  3.2580E-04  4.6706E-04  1.1230E-03
         44   2.3514E-01  2.2719E-03 Fluid done
          44  tcrsl_min:    1.0955333709716797E-003
          44  tcrsl_max:    1.1811256408691406E-003
          44  tcrsl_avg:    1.1383295059204102E-003
Step     45, t= 2.4048626E-01, DT= 5.3441391E-03, C=  0.500 1.4398E-01 3.1240E-03
 Solving for fluid F T T
         45    Hmholtz VELX:     12   6.3507E-09   3.2581E-01   1.0000E-08
         45    Hmholtz VELY:     12   3.6272E-09   1.7022E-01   1.0000E-08
        45 U-PRES gmres:      7  3.0712E-07  1.0000E-06  3.1535E-04  4.7517E-04  1.1408E-03
         45   2.4049E-01  2.2271E-03 Fluid done
          45  tcrsl_min:    1.1169910430908203E-003
          45  tcrsl_max:    1.2066364288330078E-003
          45  tcrsl_avg:    1.1618137359619141E-003
Step     46, t= 2.4583040E-01, DT= 5.3441391E-03, C=  0.500 1.4707E-01 3.0851E-03
 Solving for fluid F T T
         46    Hmholtz VELX:     12   6.1401E-09   3.1927E-01   1.0000E-08
         46    Hmholtz VELY:     12   3.5737E-09   1.6778E-01   1.0000E-08
        46 U-PRES gmres:      7  2.9905E-07  1.0000E-06  3.0546E-04  4.6492E-04  1.1201E-03
         46   2.4583E-01  2.2080E-03 Fluid done
          46  tcrsl_min:    1.1391639709472656E-003
          46  tcrsl_max:    1.2288093566894531E-003
          46  tcrsl_avg:    1.1839866638183594E-003
Step     47, t= 2.5117454E-01, DT= 5.3441391E-03, C=  0.500 1.5016E-01 3.0971E-03
 Solving for fluid F T T
         47    Hmholtz VELX:     12   5.9408E-09   3.1300E-01   1.0000E-08
         47    Hmholtz VELY:     12   3.5218E-09   1.6542E-01   1.0000E-08
        47 U-PRES gmres:      7  2.9134E-07  1.0000E-06  2.9607E-04  4.6730E-04  1.1230E-03
         47   2.5117E-01  2.1300E-03 Fluid done
          47  tcrsl_min:    1.1610984802246094E-003
          47  tcrsl_max:    1.2516975402832031E-003
          47  tcrsl_avg:    1.2063980102539063E-003
Step     48, t= 2.5651868E-01, DT= 5.3441391E-03, C=  0.500 1.5316E-01 2.9919E-03
 Solving for fluid F T T
         48    Hmholtz VELX:     12   5.7522E-09   3.0696E-01   1.0000E-08
         48    Hmholtz VELY:     12   3.4714E-09   1.6315E-01   1.0000E-08
        48 U-PRES gmres:      6  9.7393E-07  1.0000E-06  2.8717E-04  4.4227E-04  1.0228E-03
         48   2.5652E-01  2.0480E-03 Fluid done
          48  tcrsl_min:    1.1787414550781250E-003
          48  tcrsl_max:    1.2702941894531250E-003
          48  tcrsl_avg:    1.2245178222656250E-003
Step     49, t= 2.6186282E-01, DT= 5.3441391E-03, C=  0.500 1.5595E-01 2.7909E-03
 Solving for fluid F T T
         49    Hmholtz VELX:     12   5.5735E-09   3.0116E-01   1.0000E-08
         49    Hmholtz VELY:     12   3.4225E-09   1.6095E-01   1.0000E-08
        49 U-PRES gmres:      6  9.4711E-07  1.0000E-06  2.7873E-04  4.0174E-04  9.7513E-04
         49   2.6186E-01  1.9791E-03 Fluid done
          49  tcrsl_min:    1.1990070343017578E-003
          49  tcrsl_max:    1.2927055358886719E-003
          49  tcrsl_avg:    1.2458562850952148E-003
Step     50, t= 2.6720696E-01, DT= 5.3441391E-03, C=  0.500 1.5870E-01 2.7580E-03
 Solving for fluid F T T
         50    Hmholtz VELX:     12   5.4043E-09   2.9557E-01   1.0000E-08
         50    Hmholtz VELY:     12   3.3749E-09   1.5882E-01   1.0000E-08
        50 U-PRES gmres:      6  9.2429E-07  1.0000E-06  2.7066E-04  4.0007E-04  9.6297E-04
         50   2.6721E-01  2.0730E-03 Fluid done
          50  tcrsl_min:    1.2135505676269531E-003
          50  tcrsl_max:    1.3134479522705078E-003
          50  tcrsl_avg:    1.2634992599487305E-003
Step     51, t= 2.7255109E-01, DT= 5.3441391E-03, C=  0.500 1.6156E-01 2.8510E-03
 Solving for fluid F T T
         51    Hmholtz VELX:     12   5.2441E-09   2.9018E-01   1.0000E-08
         51    Hmholtz VELY:     12   3.3287E-09   1.5677E-01   1.0000E-08
        51 U-PRES gmres:      6  9.0157E-07  1.0000E-06  2.6302E-04  4.0102E-04  9.5987E-04
         51   2.7255E-01  2.0499E-03 Fluid done
          51  tcrsl_min:    1.2302398681640625E-003
          51  tcrsl_max:    1.3322830200195313E-003
          51  tcrsl_avg:    1.2812614440917969E-003
Step     52, t= 2.7789523E-01, DT= 5.3441391E-03, C=  0.500 1.6440E-01 2.8431E-03
 Solving for fluid F T T
         52    Hmholtz VELX:     12   5.0923E-09   2.8499E-01   1.0000E-08
         52    Hmholtz VELY:     12   3.2838E-09   1.5477E-01   1.0000E-08
        52 U-PRES gmres:      6  8.8012E-07  1.0000E-06  2.5574E-04  4.0269E-04  9.7609E-04
         52   2.7790E-01  2.0409E-03 Fluid done
          52  tcrsl_min:    1.2483596801757813E-003
          52  tcrsl_max:    1.3523101806640625E-003
          52  tcrsl_avg:    1.3003349304199219E-003
Step     53, t= 2.8323937E-01, DT= 5.3441391E-03, C=  0.500 1.6723E-01 2.8288E-03
 Solving for fluid F T T
         53    Hmholtz VELX:     12   4.9485E-09   2.7998E-01   1.0000E-08
         53    Hmholtz VELY:     12   3.2401E-09   1.5284E-01   1.0000E-08
        53 U-PRES gmres:      6  8.5981E-07  1.0000E-06  2.4880E-04  4.0221E-04  9.6178E-04
         53   2.8324E-01  2.0249E-03 Fluid done
          53  tcrsl_min:    1.2662410736083984E-003
          53  tcrsl_max:    1.3711452484130859E-003
          53  tcrsl_avg:    1.3186931610107422E-003
Step     54, t= 2.8858351E-01, DT= 5.3441391E-03, C=  0.500 1.7005E-01 2.8269E-03
 Solving for fluid F T T
         54    Hmholtz VELX:     12   4.8124E-09   2.7514E-01   1.0000E-08
         54    Hmholtz VELY:     12   3.1976E-09   1.5097E-01   1.0000E-08
        54 U-PRES gmres:      6  8.4056E-07  1.0000E-06  2.4218E-04  4.0293E-04  1.0002E-03
         54   2.8858E-01  2.0561E-03 Fluid done
          54  tcrsl_min:    1.2865066528320313E-003
          54  tcrsl_max:    1.3923645019531250E-003
          54  tcrsl_avg:    1.3394355773925781E-003
Step     55, t= 2.9392765E-01, DT= 5.3441391E-03, C=  0.500 1.7291E-01 2.8510E-03
 Solving for fluid F T T
         55    Hmholtz VELX:     12   4.6836E-09   2.7046E-01   1.0000E-08
         55    Hmholtz VELY:     12   3.1563E-09   1.4915E-01   1.0000E-08
        55 U-PRES gmres:      6  8.2232E-07  1.0000E-06  2.3587E-04  4.0317E-04  9.6488E-04
         55   2.9393E-01  2.0561E-03 Fluid done
          55  tcrsl_min:    1.3053417205810547E-003
          55  tcrsl_max:    1.4123916625976563E-003
          55  tcrsl_avg:    1.3588666915893555E-003
Step     56, t= 2.9927179E-01, DT= 5.3441391E-03, C=  0.500 1.7576E-01 2.8541E-03
 Solving for fluid F T T
         56    Hmholtz VELX:     12   4.5618E-09   2.6594E-01   1.0000E-08
         56    Hmholtz VELY:     12   3.1160E-09   1.4738E-01   1.0000E-08
        56 U-PRES gmres:      6  8.0505E-07  1.0000E-06  2.2984E-04  4.0126E-04  9.7609E-04
         56   2.9927E-01  2.0430E-03 Fluid done
          56  tcrsl_min:    1.3241767883300781E-003
          56  tcrsl_max:    1.4331340789794922E-003
          56  tcrsl_avg:    1.3786554336547852E-003
Step     57, t= 3.0461593E-01, DT= 5.3441391E-03, C=  0.500 1.7856E-01 2.7950E-03
 Solving for fluid F T T
         57    Hmholtz VELX:     12   4.4468E-09   2.6157E-01   1.0000E-08
         57    Hmholtz VELY:     12   3.0768E-09   1.4567E-01   1.0000E-08
        57 U-PRES gmres:      6  7.8871E-07  1.0000E-06  2.2408E-04  4.0221E-04  9.5987E-04
         57   3.0462E-01  2.0242E-03 Fluid done
          57  tcrsl_min:    1.3430118560791016E-003
          57  tcrsl_max:    1.4553070068359375E-003
          57  tcrsl_avg:    1.3991594314575195E-003
Step     58, t= 3.0996007E-01, DT= 5.3441391E-03, C=  0.500 1.8137E-01 2.8141E-03
 Solving for fluid F T T
         58    Hmholtz VELX:     12   4.3381E-09   2.5734E-01   1.0000E-08
         58    Hmholtz VELY:     12   3.0386E-09   1.4400E-01   1.0000E-08
        58 U-PRES gmres:      6  7.7325E-07  1.0000E-06  2.1857E-04  4.0102E-04  9.5987E-04
         58   3.0996E-01  2.0452E-03 Fluid done
          58  tcrsl_min:    1.3611316680908203E-003
          58  tcrsl_max:    1.4743804931640625E-003
          58  tcrsl_avg:    1.4177560806274414E-003
Step     59, t= 3.1530421E-01, DT= 5.3441391E-03, C=  0.500 1.8420E-01 2.8329E-03
 Solving for fluid F T T
         59    Hmholtz VELX:     12   4.2356E-09   2.5324E-01   1.0000E-08
         59    Hmholtz VELY:     12   3.0014E-09   1.4238E-01   1.0000E-08
        59 U-PRES gmres:      6  7.5865E-07  1.0000E-06  2.1330E-04  4.2415E-04  9.8395E-04
         59   3.1530E-01  2.0401E-03 Fluid done
          59  tcrsl_min:    1.3775825500488281E-003
          59  tcrsl_max:    1.4951229095458984E-003
          59  tcrsl_avg:    1.4363527297973633E-003
Step     60, t= 3.2064835E-01, DT= 5.3441391E-03, C=  0.500 1.8702E-01 2.8210E-03
 Solving for fluid F T T
         60    Hmholtz VELX:     12   4.1390E-09   2.4927E-01   1.0000E-08
         60    Hmholtz VELY:     12   2.9651E-09   1.4081E-01   1.0000E-08
        60 U-PRES gmres:      6  7.4487E-07  1.0000E-06  2.0825E-04  4.3917E-04  1.0011E-03
         60   3.2065E-01  2.0621E-03 Fluid done
          60  tcrsl_min:    1.3964176177978516E-003
          60  tcrsl_max:    1.5149116516113281E-003
          60  tcrsl_avg:    1.4556646347045898E-003
Step     61, t= 3.2599249E-01, DT= 5.3441391E-03, C=  0.500 1.8987E-01 2.8491E-03
 Solving for fluid F T T
         61    Hmholtz VELX:     12   4.0480E-09   2.4542E-01   1.0000E-08
         61    Hmholtz VELY:     12   2.9298E-09   1.3927E-01   1.0000E-08
        61 U-PRES gmres:      6  7.3188E-07  1.0000E-06  2.0341E-04  3.9911E-04  9.6107E-04
         61   3.2599E-01  2.0180E-03 Fluid done
          61  tcrsl_min:    1.4157295227050781E-003
          61  tcrsl_max:    1.5342235565185547E-003
          61  tcrsl_avg:    1.4749765396118164E-003
Step     62, t= 3.3133662E-01, DT= 5.3441391E-03, C=  0.500 1.9271E-01 2.8400E-03
 Solving for fluid F T T
         62    Hmholtz VELX:     12   3.9624E-09   2.4168E-01   1.0000E-08
         62    Hmholtz VELY:     12   2.8953E-09   1.3778E-01   1.0000E-08
        62 U-PRES gmres:      6  7.1965E-07  1.0000E-06  1.9876E-04  4.0913E-04  9.6893E-04
         62   3.3134E-01  2.0411E-03 Fluid done
          62  tcrsl_min:    1.4345645904541016E-003
          62  tcrsl_max:    1.5540122985839844E-003
          62  tcrsl_avg:    1.4942884445190430E-003
Step     63, t= 3.3668076E-01, DT= 5.3441391E-03, C=  0.500 1.9554E-01 2.8310E-03
 Solving for fluid F T T
         63    Hmholtz VELX:     12   3.8820E-09   2.3806E-01   1.0000E-08
         63    Hmholtz VELY:     12   2.8617E-09   1.3632E-01   1.0000E-08
        63 U-PRES gmres:      6  7.0814E-07  1.0000E-06  1.9430E-04  3.9983E-04  9.5797E-04
         63   3.3668E-01  2.0130E-03 Fluid done
          63  tcrsl_min:    1.4536380767822266E-003
          63  tcrsl_max:    1.5752315521240234E-003
          63  tcrsl_avg:    1.5144348144531250E-003
Step     64, t= 3.4202490E-01, DT= 5.3441391E-03, C=  0.500 1.9838E-01 2.8350E-03
 Solving for fluid F T T
         64    Hmholtz VELX:     12   3.8065E-09   2.3453E-01   1.0000E-08
         64    Hmholtz VELY:     12   2.8289E-09   1.3491E-01   1.0000E-08
        64 U-PRES gmres:      6  6.9733E-07  1.0000E-06  1.9002E-04  4.0007E-04  9.5797E-04
         64   3.4202E-01  2.0142E-03 Fluid done
          64  tcrsl_min:    1.4719963073730469E-003
          64  tcrsl_max:    1.5945434570312500E-003
          64  tcrsl_avg:    1.5332698822021484E-003
Step     65, t= 3.4736904E-01, DT= 5.3441391E-03, C=  0.500 2.0118E-01 2.7978E-03
 Solving for fluid F T T
         65    Hmholtz VELX:     12   3.7357E-09   2.3111E-01   1.0000E-08
         65    Hmholtz VELY:     12   2.7969E-09   1.3352E-01   1.0000E-08
        65 U-PRES gmres:      6  6.8720E-07  1.0000E-06  1.8591E-04  4.0030E-04  9.6107E-04
         65   3.4737E-01  2.0409E-03 Fluid done
          65  tcrsl_min:    1.4910697937011719E-003
          65  tcrsl_max:    1.6145706176757813E-003
          65  tcrsl_avg:    1.5528202056884766E-003
Step     66, t= 3.5271318E-01, DT= 5.3441391E-03, C=  0.500 2.0403E-01 2.8541E-03
 Solving for fluid F T T
         66    Hmholtz VELX:     12   3.6693E-09   2.2779E-01   1.0000E-08
         66    Hmholtz VELY:     12   2.7657E-09   1.3217E-01   1.0000E-08
        66 U-PRES gmres:      6  6.7771E-07  1.0000E-06  1.8195E-04  4.0078E-04  1.0102E-03
         66   3.5271E-01  2.0680E-03 Fluid done
          66  tcrsl_min:    1.5101432800292969E-003
          66  tcrsl_max:    1.6336441040039063E-003
          66  tcrsl_avg:    1.5718936920166016E-003
Step     67, t= 3.5805732E-01, DT= 5.3441391E-03, C=  0.500 2.0690E-01 2.8679E-03
 Solving for fluid F T T
         67    Hmholtz VELX:     12   3.6071E-09   2.2456E-01   1.0000E-08
         67    Hmholtz VELY:     12   2.7352E-09   1.3086E-01   1.0000E-08
        67 U-PRES gmres:      6  6.6884E-07  1.0000E-06  1.7814E-04  4.0221E-04  1.2572E-03
         67   3.5806E-01  2.3141E-03 Fluid done
          67  tcrsl_min:    1.5282630920410156E-003
          67  tcrsl_max:    1.6536712646484375E-003
          67  tcrsl_avg:    1.5909671783447266E-003
Step     68, t= 3.6340146E-01, DT= 5.3441391E-03, C=  0.500 2.1002E-01 3.1230E-03
 Solving for fluid F T T
         68    Hmholtz VELX:     12   3.5488E-09   2.2142E-01   1.0000E-08
         68    Hmholtz VELY:     12   2.7054E-09   1.2957E-01   1.0000E-08
        68 U-PRES gmres:      6  6.6057E-07  1.0000E-06  1.7447E-04  4.0269E-04  9.6393E-04
         68   3.6340E-01  2.0258E-03 Fluid done
          68  tcrsl_min:    1.5475749969482422E-003
          68  tcrsl_max:    1.6729831695556641E-003
          68  tcrsl_avg:    1.6102790832519531E-003
Step     69, t= 3.6874560E-01, DT= 5.3441391E-03, C=  0.500 2.1290E-01 2.8820E-03
 Solving for fluid F T T
         69    Hmholtz VELX:     12   3.4943E-09   2.1836E-01   1.0000E-08
         69    Hmholtz VELY:     12   2.6763E-09   1.2832E-01   1.0000E-08
        69 U-PRES gmres:      6  6.5287E-07  1.0000E-06  1.7094E-04  4.0102E-04  9.5987E-04
         69   3.6875E-01  2.0361E-03 Fluid done
          69  tcrsl_min:    1.5678405761718750E-003
          69  tcrsl_max:    1.6932487487792969E-003
          69  tcrsl_avg:    1.6305446624755859E-003
Step     70, t= 3.7408974E-01, DT= 5.3441391E-03, C=  0.500 2.1574E-01 2.8419E-03
 Solving for fluid F T T
         70    Hmholtz VELX:     12   3.4432E-09   2.1538E-01   1.0000E-08
         70    Hmholtz VELY:     12   2.6479E-09   1.2709E-01   1.0000E-08
        70 U-PRES gmres:      6  6.4572E-07  1.0000E-06  1.6753E-04  3.9911E-04  9.5820E-04
         70   3.7409E-01  1.9770E-03 Fluid done
          70  tcrsl_min:    1.5869140625000000E-003
          70  tcrsl_max:    1.7132759094238281E-003
          70  tcrsl_avg:    1.6500949859619141E-003
Step     71, t= 3.7943388E-01, DT= 5.3441391E-03, C=  0.500 2.1844E-01 2.6991E-03
 Solving for fluid F T T
         71    Hmholtz VELX:     12   3.3954E-09   2.1248E-01   1.0000E-08
         71    Hmholtz VELY:     12   2.6201E-09   1.2589E-01   1.0000E-08
        71 U-PRES gmres:      6  6.3908E-07  1.0000E-06  1.6424E-04  4.0150E-04  9.6107E-04
         71   3.7943E-01  1.9650E-03 Fluid done
          71  tcrsl_min:    1.6057491302490234E-003
          71  tcrsl_max:    1.7333030700683594E-003
          71  tcrsl_avg:    1.6695261001586914E-003
Step     72, t= 3.8477802E-01, DT= 5.3441391E-03, C=  0.500 2.2113E-01 2.6829E-03
 Solving for fluid F T T
         72    Hmholtz VELX:     12   3.3506E-09   2.0966E-01   1.0000E-08
         72    Hmholtz VELY:     12   2.5929E-09   1.2472E-01   1.0000E-08
        72 U-PRES gmres:      6  6.3294E-07  1.0000E-06  1.6107E-04  4.0102E-04  9.5797E-04
         72   3.8478E-01  2.0189E-03 Fluid done
          72  tcrsl_min:    1.6236305236816406E-003
          72  tcrsl_max:    1.7511844635009766E-003
          72  tcrsl_avg:    1.6874074935913086E-003
Step     73, t= 3.9012215E-01, DT= 5.3441391E-03, C=  0.500 2.2392E-01 2.7940E-03
 Solving for fluid F T T
         73    Hmholtz VELX:     12   3.3086E-09   2.0691E-01   1.0000E-08
         73    Hmholtz VELY:     12   2.5664E-09   1.2357E-01   1.0000E-08
        73 U-PRES gmres:      6  6.2726E-07  1.0000E-06  1.5800E-04  4.1986E-04  9.7704E-04
         73   3.9012E-01  1.9832E-03 Fluid done
          73  tcrsl_min:    1.6434192657470703E-003
          73  tcrsl_max:    1.7719268798828125E-003
          73  tcrsl_avg:    1.7076730728149414E-003
Step     74, t= 3.9546629E-01, DT= 5.3441391E-03, C=  0.500 2.2668E-01 2.7571E-03
 Solving for fluid F T T
         74    Hmholtz VELX:     12   3.2692E-09   2.0422E-01   1.0000E-08
         74    Hmholtz VELY:     12   2.5404E-09   1.2245E-01   1.0000E-08
        74 U-PRES gmres:      6  6.2202E-07  1.0000E-06  1.5504E-04  4.0102E-04  9.5797E-04
         74   3.9547E-01  1.9610E-03 Fluid done
          74  tcrsl_min:    1.6605854034423828E-003
          74  tcrsl_max:    1.7921924591064453E-003
          74  tcrsl_avg:    1.7263889312744141E-003
Step     75, t= 4.0081043E-01, DT= 5.3441391E-03, C=  0.500 2.2942E-01 2.7390E-03
 Solving for fluid F T T
         75    Hmholtz VELX:     12   3.2321E-09   2.0161E-01   1.0000E-08
         75    Hmholtz VELY:     12   2.5149E-09   1.2135E-01   1.0000E-08
        75 U-PRES gmres:      6  6.1719E-07  1.0000E-06  1.5218E-04  3.9840E-04  9.6011E-04
         75   4.0081E-01  1.9820E-03 Fluid done
          75  tcrsl_min:    1.6770362854003906E-003
          75  tcrsl_max:    1.8134117126464844E-003
          75  tcrsl_avg:    1.7452239990234375E-003
Step     76, t= 4.0615457E-01, DT= 5.3441391E-03, C=  0.500 2.3218E-01 2.7580E-03
 Solving for fluid F T T
         76    Hmholtz VELX:     12   3.1973E-09   1.9905E-01   1.0000E-08
         76    Hmholtz VELY:     12   2.4900E-09   1.2028E-01   1.0000E-08
        76 U-PRES gmres:      6  6.1276E-07  1.0000E-06  1.4941E-04  4.0078E-04  9.8419E-04
         76   4.0615E-01  1.9901E-03 Fluid done
          76  tcrsl_min:    1.6984939575195313E-003
          76  tcrsl_max:    1.8358230590820313E-003
          76  tcrsl_avg:    1.7671585083007813E-003
Step     77, t= 4.1149871E-01, DT= 5.3441391E-03, C=  0.500 2.3495E-01 2.7699E-03
 Solving for fluid F T T
         77    Hmholtz VELX:     12   3.1644E-09   1.9656E-01   1.0000E-08
         77    Hmholtz VELY:     12   2.4656E-09   1.1923E-01   1.0000E-08
        77 U-PRES gmres:      6  6.0868E-07  1.0000E-06  1.4673E-04  4.0030E-04  9.5797E-04
         77   4.1150E-01  1.9619E-03 Fluid done
          77  tcrsl_min:    1.7173290252685547E-003
          77  tcrsl_max:    1.8565654754638672E-003
          77  tcrsl_avg:    1.7869472503662109E-003
Step     78, t= 4.1684285E-01, DT= 5.3441391E-03, C=  0.500 2.3768E-01 2.7349E-03
 Solving for fluid F T T
         78    Hmholtz VELX:     12   3.1333E-09   1.9413E-01   1.0000E-08
         78    Hmholtz VELY:     11   9.9809E-09   1.1820E-01   1.0000E-08
        78 U-PRES gmres:      6  6.0494E-07  1.0000E-06  1.4413E-04  3.9959E-04  9.6202E-04
         78   4.1684E-01  1.9839E-03 Fluid done
          78  tcrsl_min:    1.7361640930175781E-003
          78  tcrsl_max:    1.8754005432128906E-003
          78  tcrsl_avg:    1.8057823181152344E-003
Step     79, t= 4.2218699E-01, DT= 5.3441391E-03, C=  0.500 2.4046E-01 2.7800E-03
 Solving for fluid F T T
         79    Hmholtz VELX:     12   3.1038E-09   1.9176E-01   1.0000E-08
         79    Hmholtz VELY:     11   9.8900E-09   1.1719E-01   1.0000E-08
        79 U-PRES gmres:      6  6.0151E-07  1.0000E-06  1.4162E-04  4.0221E-04  9.7704E-04
         79   4.2219E-01  1.9569E-03 Fluid done
          79  tcrsl_min:    1.7552375793457031E-003
          79  tcrsl_max:    1.8966197967529297E-003
          79  tcrsl_avg:    1.8259286880493164E-003
Step     80, t= 4.2753113E-01, DT= 5.3441391E-03, C=  0.500 2.4319E-01 2.7320E-03
 Solving for fluid F T T
         80    Hmholtz VELX:     12   3.0759E-09   1.8944E-01   1.0000E-08
         80    Hmholtz VELY:     11   9.8005E-09   1.1620E-01   1.0000E-08
        80 U-PRES gmres:      6  5.9837E-07  1.0000E-06  1.3918E-04  3.9983E-04  9.5797E-04
         80   4.2753E-01  1.9400E-03 Fluid done
          80  tcrsl_min:    1.7743110656738281E-003
          80  tcrsl_max:    1.9156932830810547E-003
          80  tcrsl_avg:    1.8450021743774414E-003
Step     81, t= 4.3287527E-01, DT= 5.3441391E-03, C=  0.500 2.4591E-01 2.7161E-03
 Solving for fluid F T T
         81    Hmholtz VELX:     12   3.0492E-09   1.8717E-01   1.0000E-08
         81    Hmholtz VELY:     11   9.7123E-09   1.1523E-01   1.0000E-08
        81 U-PRES gmres:      6  5.9549E-07  1.0000E-06  1.3681E-04  4.0102E-04  9.6083E-04
         81   4.3288E-01  1.9400E-03 Fluid done
          81  tcrsl_min:    1.7943382263183594E-003
          81  tcrsl_max:    1.9378662109375000E-003
          81  tcrsl_avg:    1.8661022186279297E-003
Step     82, t= 4.3821941E-01, DT= 5.3441391E-03, C=  0.500 2.4864E-01 2.7320E-03
 Solving for fluid F T T
         82    Hmholtz VELX:     12   3.0238E-09   1.8496E-01   1.0000E-08
         82    Hmholtz VELY:     11   9.6256E-09   1.1428E-01   1.0000E-08
        82 U-PRES gmres:      6  5.9284E-07  1.0000E-06  1.3452E-04  4.0197E-04  9.6989E-04
         82   4.3822E-01  1.9488E-03 Fluid done
          82  tcrsl_min:    1.8141269683837891E-003
          82  tcrsl_max:    1.9576549530029297E-003
          82  tcrsl_avg:    1.8858909606933594E-003
Step     83, t= 4.4356355E-01, DT= 5.3441391E-03, C=  0.500 2.5136E-01 2.7230E-03
 Solving for fluid F T T
         83    Hmholtz VELX:     12   2.9995E-09   1.8279E-01   1.0000E-08
         83    Hmholtz VELY:     11   9.5402E-09   1.1335E-01   1.0000E-08
        83 U-PRES gmres:      6  5.9041E-07  1.0000E-06  1.3229E-04  3.9911E-04  9.6107E-04
         83   4.4356E-01  1.9400E-03 Fluid done
          83  tcrsl_min:    1.8317699432373047E-003
          83  tcrsl_max:    1.9764900207519531E-003
          83  tcrsl_avg:    1.9041299819946289E-003
Step     84, t= 4.4890768E-01, DT= 5.3441391E-03, C=  0.500 2.5409E-01 2.7311E-03
 Solving for fluid F T T
         84    Hmholtz VELX:     12   2.9762E-09   1.8068E-01   1.0000E-08
         84    Hmholtz VELY:     11   9.4560E-09   1.1243E-01   1.0000E-08
        84 U-PRES gmres:      6  5.8817E-07  1.0000E-06  1.3013E-04  4.4012E-04  9.9802E-04
         84   4.4891E-01  1.9760E-03 Fluid done
          84  tcrsl_min:    1.8508434295654297E-003
          84  tcrsl_max:    1.9967555999755859E-003
          84  tcrsl_avg:    1.9237995147705078E-003
Step     85, t= 4.5425182E-01, DT= 5.3441391E-03, C=  0.500 2.5685E-01 2.7518E-03
 Solving for fluid F T T
         85    Hmholtz VELX:     12   2.9537E-09   1.7861E-01   1.0000E-08
         85    Hmholtz VELY:     11   9.3732E-09   1.1153E-01   1.0000E-08
        85 U-PRES gmres:      6  5.8610E-07  1.0000E-06  1.2803E-04  4.0102E-04  9.6107E-04
         85   4.5425E-01  1.9660E-03 Fluid done
          85  tcrsl_min:    1.8699169158935547E-003
          85  tcrsl_max:    2.0158290863037109E-003
          85  tcrsl_avg:    1.9428730010986328E-003
Step     86, t= 4.5959596E-01, DT= 5.3441391E-03, C=  0.500 2.5959E-01 2.7430E-03
 Solving for fluid F T T
         86    Hmholtz VELX:     12   2.9320E-09   1.7658E-01   1.0000E-08
         86    Hmholtz VELY:     11   9.2916E-09   1.1065E-01   1.0000E-08
        86 U-PRES gmres:      6  5.8419E-07  1.0000E-06  1.2599E-04  4.0102E-04  9.6107E-04
         86   4.5960E-01  1.9410E-03 Fluid done
          86  tcrsl_min:    1.8887519836425781E-003
          86  tcrsl_max:    2.0346641540527344E-003
          86  tcrsl_avg:    1.9617080688476563E-003
Step     87, t= 4.6494010E-01, DT= 5.3441391E-03, C=  0.500 2.6232E-01 2.7261E-03
 Solving for fluid F T T
         87    Hmholtz VELX:     12   2.9110E-09   1.7460E-01   1.0000E-08
         87    Hmholtz VELY:     11   9.2112E-09   1.0979E-01   1.0000E-08
        87 U-PRES gmres:      6  5.8241E-07  1.0000E-06  1.2401E-04  4.0007E-04  9.5916E-04
         87   4.6494E-01  1.9410E-03 Fluid done
          87  tcrsl_min:    1.9068717956542969E-003
          87  tcrsl_max:    2.0537376403808594E-003
          87  tcrsl_avg:    1.9803047180175781E-003
Step     88, t= 4.7028424E-01, DT= 5.3441391E-03, C=  0.500 2.6498E-01 2.6619E-03
 Solving for fluid F T T
         88    Hmholtz VELX:     12   2.8907E-09   1.7266E-01   1.0000E-08
         88    Hmholtz VELY:     11   9.1321E-09   1.0894E-01   1.0000E-08
        88 U-PRES gmres:      6  5.8075E-07  1.0000E-06  1.2208E-04  3.9864E-04  9.5987E-04
         88   4.7028E-01  1.9529E-03 Fluid done
          88  tcrsl_min:    1.9259452819824219E-003
          88  tcrsl_max:    2.0737648010253906E-003
          88  tcrsl_avg:    1.9998550415039063E-003
Step     89, t= 4.7562838E-01, DT= 5.3441391E-03, C=  0.500 2.6771E-01 2.7301E-03
 Solving for fluid F T T
         89    Hmholtz VELX:     12   2.8709E-09   1.7076E-01   1.0000E-08
         89    Hmholtz VELY:     11   9.0542E-09   1.0810E-01   1.0000E-08
        89 U-PRES gmres:      6  5.7919E-07  1.0000E-06  1.2021E-04  4.0126E-04  9.5797E-04
         89   4.7563E-01  1.9341E-03 Fluid done
          89  tcrsl_min:    1.9447803497314453E-003
          89  tcrsl_max:    2.0945072174072266E-003
          89  tcrsl_avg:    2.0196437835693359E-003
Step     90, t= 4.8097252E-01, DT= 5.3441391E-03, C=  0.500 2.7044E-01 2.7368E-03
 Solving for fluid F T T
         90    Hmholtz VELX:     12   2.8516E-09   1.6890E-01   1.0000E-08
         90    Hmholtz VELY:     11   8.9774E-09   1.0728E-01   1.0000E-08
        90 U-PRES gmres:      6  5.7772E-07  1.0000E-06  1.1838E-04  4.4012E-04  1.0009E-03
         90   4.8097E-01  1.9839E-03 Fluid done
          90  tcrsl_min:    1.9659996032714844E-003
          90  tcrsl_max:    2.1147727966308594E-003
          90  tcrsl_avg:    2.0403861999511719E-003
Step     91, t= 4.8631666E-01, DT= 5.3441391E-03, C=  0.500 2.7321E-01 2.7611E-03
 Solving for fluid F T T
         91    Hmholtz VELX:     12   2.8328E-09   1.6708E-01   1.0000E-08
         91    Hmholtz VELY:     11   8.9019E-09   1.0647E-01   1.0000E-08
        91 U-PRES gmres:      6  5.7633E-07  1.0000E-06  1.1660E-04  4.0102E-04  9.5987E-04
         91   4.8632E-01  2.0101E-03 Fluid done
          91  tcrsl_min:    1.9857883453369141E-003
          91  tcrsl_max:    2.1336078643798828E-003
          91  tcrsl_avg:    2.0596981048583984E-003
Step     92, t= 4.9166080E-01, DT= 5.3441391E-03, C=  0.500 2.7599E-01 2.7859E-03
 Solving for fluid F T T
         92    Hmholtz VELX:     12   2.8143E-09   1.6529E-01   1.0000E-08
         92    Hmholtz VELY:     11   8.8274E-09   1.0568E-01   1.0000E-08
        92 U-PRES gmres:      6  5.7500E-07  1.0000E-06  1.1487E-04  4.0317E-04  9.7203E-04
         92   4.9166E-01  1.9560E-03 Fluid done
          92  tcrsl_min:    2.0043849945068359E-003
          92  tcrsl_max:    2.1531581878662109E-003
          92  tcrsl_avg:    2.0787715911865234E-003
Step     93, t= 4.9700494E-01, DT= 5.3441391E-03, C=  0.500 2.7873E-01 2.7440E-03
 Solving for fluid F T T
         93    Hmholtz VELX:     12   2.7962E-09   1.6355E-01   1.0000E-08
         93    Hmholtz VELY:     11   8.7541E-09   1.0490E-01   1.0000E-08
        93 U-PRES gmres:      6  5.7372E-07  1.0000E-06  1.1319E-04  3.9911E-04  9.6083E-04
         93   4.9700E-01  1.9999E-03 Fluid done
          93  tcrsl_min:    2.0232200622558594E-003
          93  tcrsl_max:    2.1729469299316406E-003
          93  tcrsl_avg:    2.0980834960937500E-003
Step     94, t= 5.0234908E-01, DT= 5.3441391E-03, C=  0.500 2.8151E-01 2.7740E-03
 Solving for fluid F T T
         94    Hmholtz VELX:     12   2.7784E-09   1.6183E-01   1.0000E-08
         94    Hmholtz VELY:     11   8.6819E-09   1.0414E-01   1.0000E-08
        94 U-PRES gmres:      6  5.7249E-07  1.0000E-06  1.1155E-04  4.0007E-04  9.5892E-04
         94   5.0235E-01  2.0130E-03 Fluid done
          94  tcrsl_min:    2.0418167114257813E-003
          94  tcrsl_max:    2.1915435791015625E-003
          94  tcrsl_avg:    2.1166801452636719E-003
Step     95, t= 5.0769321E-01, DT= 5.3441391E-03, C=  0.500 2.8436E-01 2.8532E-03
 Solving for fluid F T T
         95    Hmholtz VELX:     12   2.7609E-09   1.6015E-01   1.0000E-08
         95    Hmholtz VELY:     11   8.6108E-09   1.0338E-01   1.0000E-08
        95 U-PRES gmres:      6  5.7130E-07  1.0000E-06  1.0994E-04  4.0722E-04  9.8491E-04
         95   5.0769E-01  2.0449E-03 Fluid done
          95  tcrsl_min:    2.0596981048583984E-003
          95  tcrsl_max:    2.2103786468505859E-003
          95  tcrsl_avg:    2.1350383758544922E-003
Step     96, t= 5.1303735E-01, DT= 5.3441391E-03, C=  0.500 2.8724E-01 2.8770E-03
 Solving for fluid F T T
         96    Hmholtz VELX:     12   2.7437E-09   1.5850E-01   1.0000E-08
         96    Hmholtz VELY:     11   8.5408E-09   1.0264E-01   1.0000E-08
        96 U-PRES gmres:      6  5.7013E-07  1.0000E-06  1.0838E-04  4.0197E-04  9.9897E-04
         96   5.1304E-01  2.0540E-03 Fluid done
          96  tcrsl_min:    2.0773410797119141E-003
          96  tcrsl_max:    2.2292137145996094E-003
          96  tcrsl_avg:    2.1532773971557617E-003
Step     97, t= 5.1838149E-01, DT= 5.3441391E-03, C=  0.500 2.9013E-01 2.8911E-03
 Solving for fluid F T T
         97    Hmholtz VELX:     12   2.7266E-09   1.5688E-01   1.0000E-08
         97    Hmholtz VELY:     11   8.4718E-09   1.0191E-01   1.0000E-08
        97 U-PRES gmres:      6  5.6899E-07  1.0000E-06  1.0686E-04  3.9840E-04  9.5797E-04
         97   5.1838E-01  2.0142E-03 Fluid done
          97  tcrsl_min:    2.0959377288818359E-003
          97  tcrsl_max:    2.2490024566650391E-003
          97  tcrsl_avg:    2.1724700927734375E-003
Step     98, t= 5.2372563E-01, DT= 5.3441391E-03, C=  0.500 2.9297E-01 2.8419E-03
 Solving for fluid F T T
         98    Hmholtz VELX:     12   2.7098E-09   1.5530E-01   1.0000E-08
         98    Hmholtz VELY:     11   8.4039E-09   1.0120E-01   1.0000E-08
        98 U-PRES gmres:      6  5.6786E-07  1.0000E-06  1.0537E-04  4.0030E-04  9.6202E-04
         98   5.2373E-01  2.0540E-03 Fluid done
          98  tcrsl_min:    2.1140575408935547E-003
          98  tcrsl_max:    2.2671222686767578E-003
          98  tcrsl_avg:    2.1905899047851563E-003
Step     99, t= 5.2906977E-01, DT= 5.3441391E-03, C=  0.500 2.9586E-01 2.8839E-03
 Solving for fluid F T T
         99    Hmholtz VELX:     12   2.6931E-09   1.5374E-01   1.0000E-08
         99    Hmholtz VELY:     11   8.3371E-09   1.0049E-01   1.0000E-08
        99 U-PRES gmres:      6  5.6675E-07  1.0000E-06  1.0392E-04  4.1366E-04  9.7299E-04
         99   5.2907E-01  2.0330E-03 Fluid done
          99  tcrsl_min:    2.1321773529052734E-003
          99  tcrsl_max:    2.2890567779541016E-003
          99  tcrsl_avg:    2.2106170654296875E-003
Step    100, t= 5.3441391E-01, DT= 5.3441391E-03, C=  0.500 2.9871E-01 2.8579E-03
 Solving for fluid F T T
        100    Hmholtz VELX:     12   2.6766E-09   1.5222E-01   1.0000E-08
        100    Hmholtz VELY:     11   8.2712E-09   9.9793E-02   1.0000E-08
       100 U-PRES gmres:      6  5.6564E-07  1.0000E-06  1.0251E-04  3.9840E-04  9.5701E-04
        100   5.3441E-01  2.0242E-03 Fluid done
         100  tcrsl_min:    2.1512508392333984E-003
         100  tcrsl_max:    2.3093223571777344E-003
         100  tcrsl_avg:    2.2302865982055664E-003
 call outfld: ifpsco: F

      100  5.3441E-01 Write checkpoint:
       0     100 OPEN: cavity0.f00001

      100  5.3441E-01 done :: Write checkpoint
                              file size =     442.E-04MB
                              avg data-throughput =     4.7MB/s
                              io-nodes =     1


end of time-step loop

runtime statistics:
 total time  0.31075702176818848     
 tgop time        9973   1.1301994323730469E-002   3.6369232332781450E-002
 inv3 time         777   1.1448860168457031E-003   3.6841839014010742E-003
 invc time         400   1.4564990997314453E-003   4.6869386617366020E-003
 mltd time        1554   2.5838136672973633E-002   8.3145785494905991E-002
 cdtp time        1754   2.8016805648803711E-002   9.0156629412232736E-002
 eslv time         100  0.11476707458496094       0.36931450150971101     
 pres time         100  0.12447166442871094       0.40054336896548554     
 crsl time         677   2.1512508392333984E-003   6.9226137739154293E-003
 crsl min    2.1512508392333984E-003
 crsl max    2.3093223571777344E-003
 crsl avg    2.2302865982055664E-003
 hmhz time         200   8.2890272140502930E-002  0.26673660234244218     
 spro time         101   7.2550773620605469E-004   2.3346463165271696E-003
 usbc time         101   3.4503936767578125E-003   1.1103188134334932E-002
 usbc min    3.4298896789550781E-003
 usbc max    3.4503936767578125E-003
 usb  avg    3.4401416778564453E-003
 axhm time        3051   4.6842098236083984E-002  0.15073544587844004     
 advc time         200   1.4610528945922852E-002   4.7015925377292635E-002
 vdss time         778   3.1325817108154297E-003   1.0080485689402063E-002
 vdss min    3.1325817108154297E-003
 vdss max    7.4207782745361328E-003
 vdss avg    5.2766799926757813E-003
 dsum time        4968   1.0305643081665039E-002   3.3163025643078180E-002
 dsum min    1.0305643081665039E-002
 dsum max    1.4863967895507813E-002
 dsum avg    1.2584805488586426E-002
 dadd time           0   4.0004253387451172E-003   1.2873161533029701E-002
 ddsl time         677   4.5284509658813477E-002  0.14572320651403911     
 solv time         677   1.4089822769165039E-002   4.5340319871116051E-002
 prep time         100   1.1219978332519531E-002   3.6105309121185869E-002

#  nid       tusbc       tdadd       tcrsl       tvdss       tdsum        tgop    qqq    F
           0  3.4504E-03  4.0004E-03  2.1513E-03  3.1326E-03  1.0306E-02  1.1302E-02 qqq
           1  3.4299E-03  3.9558E-03  2.3093E-03  7.4208E-03  1.4864E-02  3.0552E-02 qqq
  
call exitt: dying ...
  
backtrace(): obtained 5 stack frames.
./nek5000(print_stack_+0x1a) [0x50f3ca]
./nek5000(exitt_+0x1cd) [0x5f30bd]
./nek5000(main+0x39) [0x420709]
/lib/x86_64-linux-gnu/libc.so.6(__libc_start_main+0xfd) [0x7fa28867fead]
./nek5000() [0x420739]
  
total elapsed time             :   3.27574E-01 sec
total solver time incl. I/O    :   3.10757E-01 sec
time/timestep                  :   3.10757E-03 sec
CPU seconds/timestep/gridpt    :   3.36135E-06 sec

